<?xml version="1.0" encoding="UTF-8"?>
<!-- Generated by org.testng.reporters.JUnitReportReporter -->
<testsuite hostname="QS-L005s-MBP.lan" failures="0" tests="1" name="mentimeter.project.mentimeter_case_study.SimpleGetTest1" time="3.706" errors="0" timestamp="20 Jan 2021 22:14:24 GMT" skipped="0">
  <testcase classname="mentimeter.project.mentimeter_case_study.SimpleGetTest1" name="GetQuestionsDetails" time="3.706"/>
</testsuite> <!-- mentimeter.project.mentimeter_case_study.SimpleGetTest1 -->
