<?xml version="1.0" encoding="UTF-8"?>
<!-- Generated by org.testng.reporters.JUnitReportReporter -->
<testsuite hostname="QS-L005s-MBP.lan" failures="0" tests="1" name="mentimeter.project.mentimeter_case_study.SimpleGetTest" time="3.867" errors="0" timestamp="20 Jan 2021 21:13:20 GMT" skipped="0">
  <testcase classname="mentimeter.project.mentimeter_case_study.SimpleGetTest" name="GetQuestionsDetails" time="3.867"/>
</testsuite> <!-- mentimeter.project.mentimeter_case_study.SimpleGetTest -->
