<?xml version="1.0" encoding="UTF-8"?>
<!-- Generated by org.testng.reporters.JUnitReportReporter -->
<testsuite hostname="QS-L005s-MBP.lan" failures="0" tests="1" name="mentimeter.project.mentimeter_case_study.CaseStudy" time="3.755" errors="0" timestamp="20 Jan 2021 22:36:24 GMT" skipped="0">
  <testcase classname="mentimeter.project.mentimeter_case_study.CaseStudy" name="getBestInteractivePresentation" time="3.755"/>
</testsuite> <!-- mentimeter.project.mentimeter_case_study.CaseStudy -->
